<?xml version="1.0" encoding="UTF-8"?>
<!-- Generated by org.testng.reporters.JUnitXMLReporter -->
<testsuite ignored="5" hostname="DESKTOP-PS8N2BM" failures="0" tests="0" time="0.02" errors="0" timestamp="2024-04-13T15:38:00 IST">
  <testcase classname="DataDriven.TestngProject3" name="facultybrokenlink" time="0.0">
    <ignored/>
  </testcase> <!-- facultybrokenlink -->
  <testcase classname="DataDriven.TestngProject3" name="facultylogin" time="0.0">
    <ignored/>
  </testcase> <!-- facultylogin -->
  <testcase classname="DataDriven.TestngProject" name="AdminBrokenLinks" time="0.0">
    <ignored/>
  </testcase> <!-- AdminBrokenLinks -->
  <testcase classname="DataDriven.TestngProject2" name="placementlogin" time="0.0">
    <ignored/>
  </testcase> <!-- placementlogin -->
  <testcase classname="DataDriven.TestngProject" name="AdminLogin" time="0.0">
    <ignored/>
  </testcase> <!-- AdminLogin -->
</testsuite>
